0 info it worked if it ends with ok
1 verbose cli [ '/usr/bin/nodejs', '/usr/bin/npm', 'publish', '--unsafe-perm' ]
2 info using npm@3.5.2
3 info using node@v4.7.2
4 verbose publish [ '.' ]
5 silly cache add args [ '.', null ]
6 verbose cache add spec .
7 silly cache add parsed spec Result {
7 silly cache add   raw: '.',
7 silly cache add   scope: null,
7 silly cache add   name: null,
7 silly cache add   rawSpec: '.',
7 silly cache add   spec: '/home/vladves/vcs/repo_01',
7 silly cache add   type: 'directory' }
8 verbose addLocalDirectory /root/.npm/the_brain_games/1.6.1/package.tgz not in flight; packing
9 info lifecycle the_brain_games@1.6.1~prepublish: the_brain_games@1.6.1
10 verbose lifecycle the_brain_games@1.6.1~prepublish: unsafe-perm in lifecycle true
11 verbose lifecycle the_brain_games@1.6.1~prepublish: PATH: /usr/share/npm/bin/node-gyp-bin:/home/vladves/vcs/repo_01/node_modules/.bin:/usr/local/sbin:/usr/local/bin:/usr/sbin:/usr/bin:/sbin:/bin:/snap/bin:/snap/bin
12 verbose lifecycle the_brain_games@1.6.1~prepublish: CWD: /home/vladves/vcs/repo_01
13 silly lifecycle the_brain_games@1.6.1~prepublish: Args: [ '-c', 'npm run build' ]
14 silly lifecycle the_brain_games@1.6.1~prepublish: Returned: code: 0  signal: null
15 verbose tar pack [ '/root/.npm/the_brain_games/1.6.1/package.tgz',
15 verbose tar pack   '/home/vladves/vcs/repo_01' ]
16 verbose tarball /root/.npm/the_brain_games/1.6.1/package.tgz
17 verbose folder /home/vladves/vcs/repo_01
18 verbose addLocalTarball adding from inside cache /root/.npm/the_brain_games/1.6.1/package.tgz
19 silly cache afterAdd the_brain_games@1.6.1
20 verbose afterAdd /root/.npm/the_brain_games/1.6.1/package/package.json not in flight; writing
21 verbose afterAdd /root/.npm/the_brain_games/1.6.1/package/package.json written
22 silly publish { name: 'the_brain_games',
22 silly publish   version: '1.6.1',
22 silly publish   description: 'project-lvl1-s124',
22 silly publish   main: 'index.js',
22 silly publish   bin:
22 silly publish    { 'brain-games': 'dist/bin/brain-games.js',
22 silly publish      'brain-even': 'dist/bin/brain-even.js',
22 silly publish      'brain-calc': 'dist/bin/brain-calc.js',
22 silly publish      'brain-gcd': 'dist/bin/brain-gcd.js',
22 silly publish      'brain-balance': 'dist/bin/brain-balance.js',
22 silly publish      'brain-progression': 'dist/bin/brain-progression.js' },
22 silly publish   scripts:
22 silly publish    { test: 'jest',
22 silly publish      'babel-node': 'babel-node',
22 silly publish      build: 'NODE_ENV=production babel src --out-dir dist --source-maps inline',
22 silly publish      prepublish: 'npm run build',
22 silly publish      eslint: 'eslint' },
22 silly publish   repository:
22 silly publish    { type: 'git',
22 silly publish      url: 'git+https://github.com/VladVes/project-lvl1-s124.git' },
22 silly publish   author: { name: 'Vladimir Veselov' },
22 silly publish   license: 'ISC',
22 silly publish   bugs: { url: 'https://github.com/VladVes/project-lvl1-s124/issues' },
22 silly publish   homepage: 'https://github.com/VladVes/project-lvl1-s124#readme',
22 silly publish   devDependencies:
22 silly publish    { 'babel-cli': '^6.26.0',
22 silly publish      'babel-core': '*',
22 silly publish      'babel-preset-env': '^1.6.0',
22 silly publish      'babel-preset-stage-0': '*',
22 silly publish      eslint: '*',
22 silly publish      'eslint-config-airbnb-base': '*',
22 silly publish      'eslint-plugin-import': '*',
22 silly publish      'babel-eslint': '*' },
22 silly publish   dependencies: { 'readline-sync': '*' },
22 silly publish   readme: '\n# "The brain games" (project-lvl-s124)\n\n[![Code Climate](https://codeclimate.com/github/VladVes/project-lvl1-s124/badges/gpa.svg)](https://codeclimate.com/github/VladVes/project-lvl1-s124)\n[![Build Status](https://www.travis-ci.org/VladVes/project-lvl1-s124.svg?branch=master)](https://www.travis-ci.org/VladVes/project-lvl1-s124)\n\n# Vadimir Veselov\n## Setup\n\n```\nmake install\n```\n\n## Setup as app\n\n```\nnpm install the_brain_games -g\n```\n\n## for start use commands:\n\n```\nbrain-even\nbrain-calc\nbrain-gcd\nbrain-balance\nbrain-progression\n```\n',
22 silly publish   readmeFilename: 'README.md',
22 silly publish   gitHead: '54a6b1e9ae38e4a52ef299a23f99b2b908df7dfc',
22 silly publish   _id: 'the_brain_games@1.6.1',
22 silly publish   _shasum: '5dc749c90400554fbc2b0b792bee3680ac509e29',
22 silly publish   _from: '.' }
23 verbose getPublishConfig undefined
24 silly mapToRegistry name the_brain_games
25 silly mapToRegistry using default registry
26 silly mapToRegistry registry https://registry.npmjs.org/
27 silly mapToRegistry uri https://registry.npmjs.org/the_brain_games
28 verbose publish registryBase https://registry.npmjs.org/
29 silly publish uploading /root/.npm/the_brain_games/1.6.1/package.tgz
30 verbose request uri https://registry.npmjs.org/the_brain_games
31 verbose request sending authorization for write operation
32 info attempt registry request try #1 at 12:55:23 PM
33 verbose request using bearer token for auth
34 verbose request id 446c533d82af119a
35 http request PUT https://registry.npmjs.org/the_brain_games
36 http 403 https://registry.npmjs.org/the_brain_games
37 verbose headers { 'content-type': 'application/json',
37 verbose headers   'cache-control': 'max-age=300',
37 verbose headers   'content-length': '91',
37 verbose headers   'accept-ranges': 'bytes',
37 verbose headers   date: 'Sun, 03 Sep 2017 05:55:25 GMT',
37 verbose headers   via: '1.1 varnish',
37 verbose headers   connection: 'keep-alive',
37 verbose headers   'x-served-by': 'cache-hhn1533-HHN',
37 verbose headers   'x-cache': 'MISS',
37 verbose headers   'x-cache-hits': '0',
37 verbose headers   'x-timer': 'S1504418124.227244,VS0,VE866',
37 verbose headers   vary: 'Accept-Encoding, Accept' }
38 verbose request invalidating /root/.npm/registry.npmjs.org/the_brain_games on PUT
39 error publish Failed PUT 403
40 verbose stack Error: You cannot publish over the previously published version 1.6.1. : the_brain_games
40 verbose stack     at makeError (/usr/share/npm/node_modules/npm-registry-client/lib/request.js:264:12)
40 verbose stack     at CachingRegistryClient.<anonymous> (/usr/share/npm/node_modules/npm-registry-client/lib/request.js:252:14)
40 verbose stack     at Request._callback (/usr/share/npm/node_modules/npm-registry-client/lib/request.js:172:14)
40 verbose stack     at Request.self.callback (/usr/share/npm/node_modules/request/request.js:198:22)
40 verbose stack     at emitTwo (events.js:87:13)
40 verbose stack     at Request.emit (events.js:172:7)
40 verbose stack     at Request.<anonymous> (/usr/share/npm/node_modules/request/request.js:1082:10)
40 verbose stack     at emitOne (events.js:82:20)
40 verbose stack     at Request.emit (events.js:169:7)
40 verbose stack     at IncomingMessage.<anonymous> (/usr/share/npm/node_modules/request/request.js:1009:12)
41 verbose statusCode 403
42 verbose pkgid the_brain_games
43 verbose cwd /home/vladves/vcs/repo_01
44 error Linux 4.10.0-33-generic
45 error argv "/usr/bin/nodejs" "/usr/bin/npm" "publish" "--unsafe-perm"
46 error node v4.7.2
47 error npm  v3.5.2
48 error code E403
49 error You cannot publish over the previously published version 1.6.1. : the_brain_games
50 error If you need help, you may report this error at:
50 error     <https://github.com/npm/npm/issues>
51 verbose exit [ 1, true ]
